Using pre-set license
Built from '2020.3/staging' branch; Version is '2020.3.11f1 (99c7afb366b3) revision 10078127'; Using compiler version '192528614'; Build Type 'Release'
OS: 'Windows 10 Home; OS build 18362.476; Version 1903; 64bit' Language: 'ko' Physical Memory: 7833 MB
BatchMode: 1, IsHumanControllingUs: 0, StartBugReporterOnCrash: 0, Is64bit: 1, IsPro: 0

 COMMAND LINE ARGUMENTS:
C:\Program Files\Unity\Hub\Editor\2020.3.11f1\Editor\Unity.exe
-adb2
-batchMode
-noUpm
-name
AssetImportWorker0
-projectPath
C:/Users/sjo50/Documents/GitHub/PBL4/PBL_01
-logFile
Logs/AssetImportWorker0.log
-srvPort
51579
Successfully changed project path to: C:/Users/sjo50/Documents/GitHub/PBL4/PBL_01
C:/Users/sjo50/Documents/GitHub/PBL4/PBL_01
Using Asset Import Pipeline V2.
Refreshing native plugins compatible for Editor in 267.82 ms, found 3 plugins.
Preloading 0 native plugins for Editor in 0.00 ms.
Initialize engine version: 2020.3.11f1 (99c7afb366b3)
[Subsystems] Discovering subsystems at path C:/Program Files/Unity/Hub/Editor/2020.3.11f1/Editor/Data/Resources/UnitySubsystems
[Subsystems] Discovering subsystems at path C:/Users/sjo50/Documents/GitHub/PBL4/PBL_01/Assets
GfxDevice: creating device client; threaded=0
Direct3D:
    Version:  Direct3D 11.0 [level 11.1]
    Renderer: Intel(R) UHD Graphics 620 (ID=0x5917)
    Vendor:   
    VRAM:     3916 MB
    Driver:   23.20.16.4849
Initialize mono
Mono path[0] = 'C:/Program Files/Unity/Hub/Editor/2020.3.11f1/Editor/Data/Managed'
Mono path[1] = 'C:/Program Files/Unity/Hub/Editor/2020.3.11f1/Editor/Data/MonoBleedingEdge/lib/mono/unityjit'
Mono config path = 'C:/Program Files/Unity/Hub/Editor/2020.3.11f1/Editor/Data/MonoBleedingEdge/etc'
Using monoOptions --debugger-agent=transport=dt_socket,embedding=1,server=y,suspend=n,address=127.0.0.1:56004
Begin MonoManager ReloadAssembly
Registering precompiled unity dll's ...
Register platform support module: C:/Program Files/Unity/Hub/Editor/2020.3.11f1/Editor/Data/PlaybackEngines/WindowsStandaloneSupport/UnityEditor.WindowsStandalone.Extensions.dll
Registered in 0.030837 seconds.
Native extension for WindowsStandalone target not found
Refreshing native plugins compatible for Editor in 114.03 ms, found 3 plugins.
Preloading 0 native plugins for Editor in 0.00 ms.
Mono: successfully reloaded assembly
- Completed reload, in  8.373 seconds
Platform modules already initialized, skipping
Registering precompiled user dll's ...
Registered in 0.045818 seconds.
Begin MonoManager ReloadAssembly
Native extension for WindowsStandalone target not found
Refreshing native plugins compatible for Editor in 115.34 ms, found 3 plugins.
Preloading 0 native plugins for Editor in 0.00 ms.
Mono: successfully reloaded assembly
- Completed reload, in  3.844 seconds
Platform modules already initialized, skipping
========================================================================
Worker process is ready to serve import requests
Launched and connected shader compiler UnityShaderCompiler.exe after 0.22 seconds
Refreshing native plugins compatible for Editor in 1.42 ms, found 3 plugins.
Preloading 0 native plugins for Editor in 0.00 ms.
Unloading 2104 Unused Serialized files (Serialized files now loaded: 0)
System memory in use before: 93.4 MB.
System memory in use after: 93.3 MB.

Unloading 33 unused Assets to reduce memory usage. Loaded Objects now: 2538.
Total: 4.165100 ms (FindLiveObjects: 0.423600 ms CreateObjectMapping: 0.134500 ms MarkObjects: 3.336700 ms  DeleteObjects: 0.268500 ms)

========================================================================
Received Import Request.
  path: Assets/ChangeCafeSprite.cs
  artifactKey: Guid(718b8bcb519a0bd4e979440fffa09451) Importer(815301076,1909f56bfc062723c751e8b465ee728b)
Start importing Assets/ChangeCafeSprite.cs using Guid(718b8bcb519a0bd4e979440fffa09451) Importer(815301076,1909f56bfc062723c751e8b465ee728b)  -> (artifact id: '237a7d973cd487906b362ff8e4bcd6d8') in 0.126515 seconds
  Import took 0.139814 seconds .

========================================================================
Received Import Request.
  Time since last request: 0.000857 seconds.
  path: Assets/CameraResolution.cs
  artifactKey: Guid(54d6bc1f9d45c954299c7134f8fbc1bd) Importer(815301076,1909f56bfc062723c751e8b465ee728b)
Start importing Assets/CameraResolution.cs using Guid(54d6bc1f9d45c954299c7134f8fbc1bd) Importer(815301076,1909f56bfc062723c751e8b465ee728b)  -> (artifact id: '9ca6a912e8842183d3cc756b18f0b91d') in 0.008022 seconds
  Import took 0.020355 seconds .

========================================================================
Received Import Request.
  Time since last request: 0.000748 seconds.
  path: Assets/ChagneForecedLandingSprite.cs
  artifactKey: Guid(19f111a0ddf874d4e8beb4dbe041c100) Importer(815301076,1909f56bfc062723c751e8b465ee728b)
Start importing Assets/ChagneForecedLandingSprite.cs using Guid(19f111a0ddf874d4e8beb4dbe041c100) Importer(815301076,1909f56bfc062723c751e8b465ee728b)  -> (artifact id: 'b521d3f0d2d4d445495013ce1ed0ecca') in 0.007925 seconds
  Import took 0.016211 seconds .

AssetImportWorkerClient::OnTransportError - code=2 error=End of file
