Using pre-set license
Built from '2020.3/staging' branch; Version is '2020.3.11f1 (99c7afb366b3) revision 10078127'; Using compiler version '192528614'; Build Type 'Release'
OS: 'Windows 10 Home; OS build 19043.1165; Version 2009; 64bit' Language: 'ko' Physical Memory: 8048 MB
BatchMode: 1, IsHumanControllingUs: 0, StartBugReporterOnCrash: 0, Is64bit: 1, IsPro: 0

 COMMAND LINE ARGUMENTS:
C:\Program Files\Unity\Hub\Editor\2020.3.11f1\Editor\Unity.exe
-adb2
-batchMode
-noUpm
-name
AssetImportWorker0
-projectPath
D:/PBL_01
-logFile
Logs/AssetImportWorker0.log
-srvPort
63359
Successfully changed project path to: D:/PBL_01
D:/PBL_01
Using Asset Import Pipeline V2.
Refreshing native plugins compatible for Editor in 59.18 ms, found 3 plugins.
Preloading 0 native plugins for Editor in 0.00 ms.
Initialize engine version: 2020.3.11f1 (99c7afb366b3)
[Subsystems] Discovering subsystems at path C:/Program Files/Unity/Hub/Editor/2020.3.11f1/Editor/Data/Resources/UnitySubsystems
[Subsystems] Discovering subsystems at path D:/PBL_01/Assets
GfxDevice: creating device client; threaded=0
Direct3D:
    Version:  Direct3D 11.0 [level 11.1]
    Renderer: NVIDIA GeForce MX150 (ID=0x1d10)
    Vendor:   
    VRAM:     1983 MB
    Driver:   27.21.14.5167
Initialize mono
Mono path[0] = 'C:/Program Files/Unity/Hub/Editor/2020.3.11f1/Editor/Data/Managed'
Mono path[1] = 'C:/Program Files/Unity/Hub/Editor/2020.3.11f1/Editor/Data/MonoBleedingEdge/lib/mono/unityjit'
Mono config path = 'C:/Program Files/Unity/Hub/Editor/2020.3.11f1/Editor/Data/MonoBleedingEdge/etc'
Using monoOptions --debugger-agent=transport=dt_socket,embedding=1,server=y,suspend=n,address=127.0.0.1:56068
Begin MonoManager ReloadAssembly
Registering precompiled unity dll's ...
Register platform support module: C:/Program Files/Unity/Hub/Editor/2020.3.11f1/Editor/Data/PlaybackEngines/WindowsStandaloneSupport/UnityEditor.WindowsStandalone.Extensions.dll
Registered in 0.005887 seconds.
Native extension for WindowsStandalone target not found
Refreshing native plugins compatible for Editor in 45.45 ms, found 3 plugins.
Preloading 0 native plugins for Editor in 0.00 ms.
Mono: successfully reloaded assembly
- Completed reload, in  1.703 seconds
Platform modules already initialized, skipping
Registering precompiled user dll's ...
Registered in 0.017097 seconds.
Begin MonoManager ReloadAssembly
Native extension for WindowsStandalone target not found
Refreshing native plugins compatible for Editor in 54.41 ms, found 3 plugins.
Preloading 0 native plugins for Editor in 0.00 ms.
Mono: successfully reloaded assembly
- Completed reload, in  1.451 seconds
Platform modules already initialized, skipping
========================================================================
Worker process is ready to serve import requests
Launched and connected shader compiler UnityShaderCompiler.exe after 0.09 seconds
Refreshing native plugins compatible for Editor in 0.48 ms, found 3 plugins.
Preloading 0 native plugins for Editor in 0.00 ms.
Unloading 2104 Unused Serialized files (Serialized files now loaded: 0)
System memory in use before: 93.3 MB.
System memory in use after: 93.3 MB.

Unloading 33 unused Assets to reduce memory usage. Loaded Objects now: 2537.
Total: 2.666500 ms (FindLiveObjects: 0.224300 ms CreateObjectMapping: 0.063900 ms MarkObjects: 2.214600 ms  DeleteObjects: 0.162600 ms)

========================================================================
Received Import Request.
  path: Assets/Resources/PrologueImage/1630308225915-2 (1).png
  artifactKey: Guid(dc678d71d7ef56a419b964c23978a1fa) Importer(815301076,1909f56bfc062723c751e8b465ee728b)
Start importing Assets/Resources/PrologueImage/1630308225915-2 (1).png using Guid(dc678d71d7ef56a419b964c23978a1fa) Importer(815301076,1909f56bfc062723c751e8b465ee728b)  -> (artifact id: '605a5d01fe46ea798bbb1a6c427b06c7') in 0.577190 seconds
  Import took 0.581905 seconds .

========================================================================
Received Import Request.
  Time since last request: 0.000417 seconds.
  path: Assets/Resources/PrologueImage/1630308225915-0 (1).png
  artifactKey: Guid(214dcd0030493094e8862e1a7ad7e572) Importer(815301076,1909f56bfc062723c751e8b465ee728b)
Start importing Assets/Resources/PrologueImage/1630308225915-0 (1).png using Guid(214dcd0030493094e8862e1a7ad7e572) Importer(815301076,1909f56bfc062723c751e8b465ee728b)  -> (artifact id: 'baec0f6697e5eff470dacf8eb3dc71b1') in 0.097878 seconds
  Import took 0.102061 seconds .

========================================================================
Received Import Request.
  Time since last request: 0.000329 seconds.
  path: Assets/Resources/PrologueImage/1630308225915-1 (1).png
  artifactKey: Guid(23a64bddfa716ea49945fa4a71ac8282) Importer(815301076,1909f56bfc062723c751e8b465ee728b)
Start importing Assets/Resources/PrologueImage/1630308225915-1 (1).png using Guid(23a64bddfa716ea49945fa4a71ac8282) Importer(815301076,1909f56bfc062723c751e8b465ee728b)  -> (artifact id: '48d5281697e35d0a3390045d31c1da8b') in 0.082923 seconds
  Import took 0.087103 seconds .

========================================================================
Received Import Request.
  Time since last request: 95.242751 seconds.
  path: Assets/Resources/PrologueImage/1630308225915-0 (1) 1.png
  artifactKey: Guid(db44b51af430a5644b289cf1d29bab9d) Importer(815301076,1909f56bfc062723c751e8b465ee728b)
Start importing Assets/Resources/PrologueImage/1630308225915-0 (1) 1.png using Guid(db44b51af430a5644b289cf1d29bab9d) Importer(815301076,1909f56bfc062723c751e8b465ee728b)  -> (artifact id: 'f4d8d1b1c63cbe85ebdc734170d15beb') in 0.099311 seconds
  Import took 0.104270 seconds .

========================================================================
Received Import Request.
  Time since last request: 0.000406 seconds.
  path: Assets/Resources/PrologueImage/1630308225915-1 (1) 1.png
  artifactKey: Guid(7b37e7aafcc29174eb1fcfd6b0368b53) Importer(815301076,1909f56bfc062723c751e8b465ee728b)
Start importing Assets/Resources/PrologueImage/1630308225915-1 (1) 1.png using Guid(7b37e7aafcc29174eb1fcfd6b0368b53) Importer(815301076,1909f56bfc062723c751e8b465ee728b)  -> (artifact id: '4b13ff235eb49a9fd165b8ce0c30efe6') in 0.043819 seconds
  Import took 0.048258 seconds .

========================================================================
Received Import Request.
  Time since last request: 183.661900 seconds.
  path: Assets/Resources/PrologueImage/22_0.png
  artifactKey: Guid(db44b51af430a5644b289cf1d29bab9d) Importer(815301076,1909f56bfc062723c751e8b465ee728b)
Start importing Assets/Resources/PrologueImage/22_0.png using Guid(db44b51af430a5644b289cf1d29bab9d) Importer(815301076,1909f56bfc062723c751e8b465ee728b)  -> (artifact id: '273ec0183d8e78b792d2eb16a4778ea8') in 0.132283 seconds
  Import took 0.137411 seconds .

========================================================================
Received Import Request.
  Time since last request: 0.001699 seconds.
  path: Assets/Resources/PrologueImage/22_0.png
  artifactKey: Guid(db44b51af430a5644b289cf1d29bab9d) Importer(815301076,1909f56bfc062723c751e8b465ee728b)
Start importing Assets/Resources/PrologueImage/22_0.png using Guid(db44b51af430a5644b289cf1d29bab9d) Importer(815301076,1909f56bfc062723c751e8b465ee728b)  -> (artifact id: '273ec0183d8e78b792d2eb16a4778ea8') in 0.040315 seconds
  Import took 0.044404 seconds .

========================================================================
Received Import Request.
  Time since last request: 9.116545 seconds.
  path: Assets/Resources/PrologueImage/22_1.png
  artifactKey: Guid(7b37e7aafcc29174eb1fcfd6b0368b53) Importer(815301076,1909f56bfc062723c751e8b465ee728b)
Start importing Assets/Resources/PrologueImage/22_1.png using Guid(7b37e7aafcc29174eb1fcfd6b0368b53) Importer(815301076,1909f56bfc062723c751e8b465ee728b)  -> (artifact id: 'af97a50072e6c6ddf32e850f7cb0f60b') in 0.131610 seconds
  Import took 0.136469 seconds .

========================================================================
Received Import Request.
  Time since last request: 7.772646 seconds.
  path: Assets/Resources/PrologueImage/22_2.png
  artifactKey: Guid(dc678d71d7ef56a419b964c23978a1fa) Importer(815301076,1909f56bfc062723c751e8b465ee728b)
Start importing Assets/Resources/PrologueImage/22_2.png using Guid(dc678d71d7ef56a419b964c23978a1fa) Importer(815301076,1909f56bfc062723c751e8b465ee728b)  -> (artifact id: 'ca8895af27128ade748c34ea23f85698') in 0.128364 seconds
  Import took 0.132595 seconds .

========================================================================
Received Import Request.
  Time since last request: 8.219067 seconds.
  path: Assets/Resources/PrologueImage/22_3.png
  artifactKey: Guid(23a64bddfa716ea49945fa4a71ac8282) Importer(815301076,1909f56bfc062723c751e8b465ee728b)
Start importing Assets/Resources/PrologueImage/22_3.png using Guid(23a64bddfa716ea49945fa4a71ac8282) Importer(815301076,1909f56bfc062723c751e8b465ee728b)  -> (artifact id: 'f402ad7a9546d66eb2b3002e4159b8d0') in 0.143749 seconds
  Import took 0.148364 seconds .

========================================================================
Received Import Request.
  Time since last request: 5.235197 seconds.
  path: Assets/Resources/PrologueImage/22_4.png
  artifactKey: Guid(214dcd0030493094e8862e1a7ad7e572) Importer(815301076,1909f56bfc062723c751e8b465ee728b)
Start importing Assets/Resources/PrologueImage/22_4.png using Guid(214dcd0030493094e8862e1a7ad7e572) Importer(815301076,1909f56bfc062723c751e8b465ee728b)  -> (artifact id: '15a62a50bf1e900b20b4cafe8b91a8e3') in 0.135424 seconds
  Import took 0.140611 seconds .

========================================================================
Received Prepare
Registering precompiled user dll's ...
Registered in 0.019985 seconds.
Begin MonoManager ReloadAssembly
Native extension for WindowsStandalone target not found
Refreshing native plugins compatible for Editor in 0.77 ms, found 3 plugins.
Preloading 0 native plugins for Editor in 0.00 ms.
Mono: successfully reloaded assembly
- Completed reload, in  1.477 seconds
Platform modules already initialized, skipping
Switching build target platform(19) subTarget(0) extendedPlatform(0) -> platform(13) subTarget(537395200) extendedPlatform(0)
Refreshing native plugins compatible for Editor in 0.88 ms, found 3 plugins.
Preloading 0 native plugins for Editor in 0.00 ms.
Unloading 2102 Unused Serialized files (Serialized files now loaded: 0)
System memory in use before: 96.3 MB.
System memory in use after: 96.2 MB.

Unloading 21 unused Assets to reduce memory usage. Loaded Objects now: 2547.
Total: 3.281300 ms (FindLiveObjects: 0.392000 ms CreateObjectMapping: 0.224000 ms MarkObjects: 2.491400 ms  DeleteObjects: 0.172300 ms)

AssetImportParameters requested are different than current active one (requested -> active):
  custom:graphics/normal-map-encoding: 01000000000000000000000000000000 -> 02000000000000000000000000000000
========================================================================
Received Import Request.
  Time since last request: 95.483719 seconds.
  path: Assets/Animation/ForcedLanding.anim
  artifactKey: Guid(37b38c14592446e43b63750eee10428c) Importer(815301076,1909f56bfc062723c751e8b465ee728b)
Start importing Assets/Animation/ForcedLanding.anim using Guid(37b38c14592446e43b63750eee10428c) Importer(815301076,1909f56bfc062723c751e8b465ee728b)  -> (artifact id: '8786feb5964c4831e329537cbb265900') in 0.051370 seconds
  Import took 0.055768 seconds .

========================================================================
Received Prepare
Registering precompiled user dll's ...
Registered in 0.905278 seconds.
Begin MonoManager ReloadAssembly
Native extension for WindowsStandalone target not found
Refreshing native plugins compatible for Editor in 0.63 ms, found 3 plugins.
Preloading 0 native plugins for Editor in 0.00 ms.
Mono: successfully reloaded assembly
- Completed reload, in  3.782 seconds
Platform modules already initialized, skipping
Switching build target platform(19) subTarget(0) extendedPlatform(0) -> platform(13) subTarget(537395200) extendedPlatform(0)
Refreshing native plugins compatible for Editor in 0.47 ms, found 3 plugins.
Preloading 0 native plugins for Editor in 0.00 ms.
Unloading 2102 Unused Serialized files (Serialized files now loaded: 0)
System memory in use before: 96.3 MB.
System memory in use after: 96.3 MB.

Unloading 21 unused Assets to reduce memory usage. Loaded Objects now: 2551.
Total: 2.524500 ms (FindLiveObjects: 0.196200 ms CreateObjectMapping: 0.066400 ms MarkObjects: 2.144000 ms  DeleteObjects: 0.116800 ms)

AssetImportParameters requested are different than current active one (requested -> active):
  custom:graphics/normal-map-encoding: 01000000000000000000000000000000 -> 02000000000000000000000000000000
========================================================================
Received Import Request.
  Time since last request: 211.700830 seconds.
  path: Assets/ChagneForecedLandingSprite.cs
  artifactKey: Guid(19f111a0ddf874d4e8beb4dbe041c100) Importer(815301076,1909f56bfc062723c751e8b465ee728b)
Start importing Assets/ChagneForecedLandingSprite.cs using Guid(19f111a0ddf874d4e8beb4dbe041c100) Importer(815301076,1909f56bfc062723c751e8b465ee728b)  -> (artifact id: 'ba40f4714bfb710dbf860edd82be7ba2') in 0.038878 seconds
  Import took 0.047108 seconds .

========================================================================
Received Prepare
Registering precompiled user dll's ...
Registered in 0.019716 seconds.
Begin MonoManager ReloadAssembly
Native extension for WindowsStandalone target not found
Refreshing native plugins compatible for Editor in 0.56 ms, found 3 plugins.
Preloading 0 native plugins for Editor in 0.00 ms.
Mono: successfully reloaded assembly
- Completed reload, in  1.361 seconds
Platform modules already initialized, skipping
Switching build target platform(19) subTarget(0) extendedPlatform(0) -> platform(13) subTarget(537395200) extendedPlatform(0)
Refreshing native plugins compatible for Editor in 0.48 ms, found 3 plugins.
Preloading 0 native plugins for Editor in 0.00 ms.
Unloading 2102 Unused Serialized files (Serialized files now loaded: 0)
System memory in use before: 96.3 MB.
System memory in use after: 96.3 MB.

Unloading 21 unused Assets to reduce memory usage. Loaded Objects now: 2555.
Total: 2.350800 ms (FindLiveObjects: 0.188000 ms CreateObjectMapping: 0.066600 ms MarkObjects: 1.989400 ms  DeleteObjects: 0.105600 ms)

AssetImportParameters requested are different than current active one (requested -> active):
  custom:graphics/normal-map-encoding: 01000000000000000000000000000000 -> 02000000000000000000000000000000
========================================================================
Received Import Request.
  Time since last request: 119.633813 seconds.
  path: Assets/DialogManager_ForcedLanding.cs
  artifactKey: Guid(a8f70e0657f9d9c468a1a1475d22015f) Importer(815301076,1909f56bfc062723c751e8b465ee728b)
Start importing Assets/DialogManager_ForcedLanding.cs using Guid(a8f70e0657f9d9c468a1a1475d22015f) Importer(815301076,1909f56bfc062723c751e8b465ee728b)  -> (artifact id: '1fd8939ac235c0a1ea77335414255c9c') in 0.027117 seconds
  Import took 0.033631 seconds .

========================================================================
Received Import Request.
  Time since last request: 130.034349 seconds.
  path: Assets/FadeOut_ForcedLanding.cs
  artifactKey: Guid(adc83399cda9f6646872ea8f87f6f3eb) Importer(815301076,1909f56bfc062723c751e8b465ee728b)
Start importing Assets/FadeOut_ForcedLanding.cs using Guid(adc83399cda9f6646872ea8f87f6f3eb) Importer(815301076,1909f56bfc062723c751e8b465ee728b)  -> (artifact id: 'c499db72ce6abba0484ddafa95cfbc69') in 0.017148 seconds
  Import took 0.022416 seconds .

========================================================================
Received Prepare
Registering precompiled user dll's ...
Registered in 0.016290 seconds.
Begin MonoManager ReloadAssembly
Native extension for WindowsStandalone target not found
Refreshing native plugins compatible for Editor in 0.49 ms, found 3 plugins.
Preloading 0 native plugins for Editor in 0.00 ms.
Mono: successfully reloaded assembly
- Completed reload, in  1.337 seconds
Platform modules already initialized, skipping
Switching build target platform(19) subTarget(0) extendedPlatform(0) -> platform(13) subTarget(537395200) extendedPlatform(0)
Refreshing native plugins compatible for Editor in 0.59 ms, found 3 plugins.
Preloading 0 native plugins for Editor in 0.00 ms.
Unloading 2103 Unused Serialized files (Serialized files now loaded: 0)
System memory in use before: 96.4 MB.
System memory in use after: 96.3 MB.

Unloading 21 unused Assets to reduce memory usage. Loaded Objects now: 2560.
Total: 2.747200 ms (FindLiveObjects: 0.243600 ms CreateObjectMapping: 0.069000 ms MarkObjects: 2.290200 ms  DeleteObjects: 0.143300 ms)

AssetImportParameters requested are different than current active one (requested -> active):
  custom:graphics/normal-map-encoding: 01000000000000000000000000000000 -> 02000000000000000000000000000000
========================================================================
Received Prepare
Registering precompiled user dll's ...
Registered in 0.027399 seconds.
Begin MonoManager ReloadAssembly
Native extension for WindowsStandalone target not found
Refreshing native plugins compatible for Editor in 0.58 ms, found 3 plugins.
Preloading 0 native plugins for Editor in 0.00 ms.
Mono: successfully reloaded assembly
- Completed reload, in  1.387 seconds
Platform modules already initialized, skipping
Switching build target platform(19) subTarget(0) extendedPlatform(0) -> platform(13) subTarget(537395200) extendedPlatform(0)
Refreshing native plugins compatible for Editor in 0.53 ms, found 3 plugins.
Preloading 0 native plugins for Editor in 0.00 ms.
Unloading 2103 Unused Serialized files (Serialized files now loaded: 0)
System memory in use before: 96.4 MB.
System memory in use after: 96.4 MB.

Unloading 21 unused Assets to reduce memory usage. Loaded Objects now: 2564.
Total: 3.116200 ms (FindLiveObjects: 0.246500 ms CreateObjectMapping: 0.125700 ms MarkObjects: 2.601900 ms  DeleteObjects: 0.140700 ms)

AssetImportParameters requested are different than current active one (requested -> active):
  custom:graphics/normal-map-encoding: 01000000000000000000000000000000 -> 02000000000000000000000000000000
========================================================================
Received Import Request.
  Time since last request: 71.471916 seconds.
  path: Assets/FadeOut_ForcedLanding.cs
  artifactKey: Guid(adc83399cda9f6646872ea8f87f6f3eb) Importer(815301076,1909f56bfc062723c751e8b465ee728b)
Start importing Assets/FadeOut_ForcedLanding.cs using Guid(adc83399cda9f6646872ea8f87f6f3eb) Importer(815301076,1909f56bfc062723c751e8b465ee728b)  -> (artifact id: '6413be989852b0f54c7bc74fe43aac2e') in 0.020130 seconds
  Import took 0.025252 seconds .

========================================================================
Received Prepare
Registering precompiled user dll's ...
Registered in 0.018526 seconds.
Begin MonoManager ReloadAssembly
Native extension for WindowsStandalone target not found
Refreshing native plugins compatible for Editor in 0.57 ms, found 3 plugins.
Preloading 0 native plugins for Editor in 0.00 ms.
Mono: successfully reloaded assembly
- Completed reload, in  1.396 seconds
Platform modules already initialized, skipping
Switching build target platform(19) subTarget(0) extendedPlatform(0) -> platform(13) subTarget(537395200) extendedPlatform(0)
Refreshing native plugins compatible for Editor in 0.47 ms, found 3 plugins.
Preloading 0 native plugins for Editor in 0.00 ms.
Unloading 2103 Unused Serialized files (Serialized files now loaded: 0)
System memory in use before: 96.4 MB.
System memory in use after: 96.4 MB.

Unloading 21 unused Assets to reduce memory usage. Loaded Objects now: 2568.
Total: 2.606500 ms (FindLiveObjects: 0.214600 ms CreateObjectMapping: 0.083000 ms MarkObjects: 2.192800 ms  DeleteObjects: 0.114800 ms)

AssetImportParameters requested are different than current active one (requested -> active):
  custom:graphics/normal-map-encoding: 01000000000000000000000000000000 -> 02000000000000000000000000000000
========================================================================
Received Prepare
Registering precompiled user dll's ...
Registered in 0.016958 seconds.
Begin MonoManager ReloadAssembly
Native extension for WindowsStandalone target not found
Refreshing native plugins compatible for Editor in 0.62 ms, found 3 plugins.
Preloading 0 native plugins for Editor in 0.00 ms.
Mono: successfully reloaded assembly
- Completed reload, in  1.448 seconds
Platform modules already initialized, skipping
Switching build target platform(19) subTarget(0) extendedPlatform(0) -> platform(13) subTarget(537395200) extendedPlatform(0)
Refreshing native plugins compatible for Editor in 0.46 ms, found 3 plugins.
Preloading 0 native plugins for Editor in 0.00 ms.
Unloading 2103 Unused Serialized files (Serialized files now loaded: 0)
System memory in use before: 96.4 MB.
System memory in use after: 96.4 MB.

Unloading 21 unused Assets to reduce memory usage. Loaded Objects now: 2572.
Total: 2.479900 ms (FindLiveObjects: 0.197400 ms CreateObjectMapping: 0.071500 ms MarkObjects: 2.096600 ms  DeleteObjects: 0.113400 ms)

AssetImportParameters requested are different than current active one (requested -> active):
  custom:graphics/normal-map-encoding: 01000000000000000000000000000000 -> 02000000000000000000000000000000
========================================================================
Received Prepare
Registering precompiled user dll's ...
Registered in 0.022181 seconds.
Begin MonoManager ReloadAssembly
Native extension for WindowsStandalone target not found
Refreshing native plugins compatible for Editor in 0.50 ms, found 3 plugins.
Preloading 0 native plugins for Editor in 0.00 ms.
Mono: successfully reloaded assembly
- Completed reload, in  1.521 seconds
Platform modules already initialized, skipping
Switching build target platform(19) subTarget(0) extendedPlatform(0) -> platform(13) subTarget(537395200) extendedPlatform(0)
Refreshing native plugins compatible for Editor in 0.46 ms, found 3 plugins.
Preloading 0 native plugins for Editor in 0.00 ms.
Unloading 2103 Unused Serialized files (Serialized files now loaded: 0)
System memory in use before: 96.4 MB.
System memory in use after: 96.4 MB.

Unloading 21 unused Assets to reduce memory usage. Loaded Objects now: 2576.
Total: 2.493900 ms (FindLiveObjects: 0.198600 ms CreateObjectMapping: 0.075700 ms MarkObjects: 2.111100 ms  DeleteObjects: 0.107500 ms)

AssetImportParameters requested are different than current active one (requested -> active):
  custom:graphics/normal-map-encoding: 01000000000000000000000000000000 -> 02000000000000000000000000000000
========================================================================
Received Prepare
Registering precompiled user dll's ...
Registered in 0.016676 seconds.
Begin MonoManager ReloadAssembly
Native extension for WindowsStandalone target not found
Refreshing native plugins compatible for Editor in 0.57 ms, found 3 plugins.
Preloading 0 native plugins for Editor in 0.00 ms.
Mono: successfully reloaded assembly
- Completed reload, in  1.427 seconds
Platform modules already initialized, skipping
Switching build target platform(19) subTarget(0) extendedPlatform(0) -> platform(13) subTarget(537395200) extendedPlatform(0)
Refreshing native plugins compatible for Editor in 0.53 ms, found 3 plugins.
Preloading 0 native plugins for Editor in 0.00 ms.
Unloading 2103 Unused Serialized files (Serialized files now loaded: 0)
System memory in use before: 96.4 MB.
System memory in use after: 96.4 MB.

Unloading 21 unused Assets to reduce memory usage. Loaded Objects now: 2580.
Total: 2.720500 ms (FindLiveObjects: 0.247300 ms CreateObjectMapping: 0.068400 ms MarkObjects: 2.281000 ms  DeleteObjects: 0.122700 ms)

AssetImportParameters requested are different than current active one (requested -> active):
  custom:graphics/normal-map-encoding: 01000000000000000000000000000000 -> 02000000000000000000000000000000
========================================================================
Received Prepare
Registering precompiled user dll's ...
Registered in 0.019403 seconds.
Begin MonoManager ReloadAssembly
Native extension for WindowsStandalone target not found
Refreshing native plugins compatible for Editor in 0.58 ms, found 3 plugins.
Preloading 0 native plugins for Editor in 0.00 ms.
Mono: successfully reloaded assembly
- Completed reload, in  1.835 seconds
Platform modules already initialized, skipping
Switching build target platform(19) subTarget(0) extendedPlatform(0) -> platform(13) subTarget(537395200) extendedPlatform(0)
Refreshing native plugins compatible for Editor in 0.50 ms, found 3 plugins.
Preloading 0 native plugins for Editor in 0.00 ms.
Unloading 2103 Unused Serialized files (Serialized files now loaded: 0)
System memory in use before: 96.4 MB.
System memory in use after: 96.4 MB.

Unloading 21 unused Assets to reduce memory usage. Loaded Objects now: 2584.
Total: 4.434100 ms (FindLiveObjects: 0.434300 ms CreateObjectMapping: 0.255400 ms MarkObjects: 3.562200 ms  DeleteObjects: 0.180100 ms)

AssetImportParameters requested are different than current active one (requested -> active):
  custom:graphics/normal-map-encoding: 01000000000000000000000000000000 -> 02000000000000000000000000000000
